2: 0.02101704105734825 
4: 0.0204231645911932 
8: 0.021047547459602356 
16: 0.02075718156993389 
32: 0.02132517658174038 
64: 0.020918086171150208 
128: 0.020958319306373596 
2_bias: 0.01968628540635109 
4_bias: 0.020347371697425842 
8_bias: 0.021008146926760674 
16_bias: 0.021318361163139343 
32_bias: 0.020855916664004326 
64_bias: 0.021031364798545837 
128_bias: 0.02072845958173275 
RNN-2: 0.15661582350730896 
RNN-4: 0.05282190814614296 
RNN-8: 0.021524496376514435 
RNN-16: 0.020391931757330894 
RNN-32: 0.02203558385372162 
RNN-64: 0.020277028903365135 
RNN-128: 0.017951302230358124 
RNN-2_bias: 0.07049456238746643 
RNN-4_bias: 0.02167545072734356 
RNN-8_bias: 0.02083229273557663 
RNN-16_bias: 0.020893456414341927 
RNN-32_bias: 0.02203451283276081 
RNN-64_bias: 0.02587028779089451 
RNN-128_bias: 0.018885670229792595 
GRU-2: 0.20396730303764343 
GRU-4: 0.17498435080051422 
GRU-8: 0.21565158665180206 
GRU-16: 0.04494311660528183 
GRU-32: 0.015563148073852062 
GRU-64: 0.01452959980815649 
GRU-128: 0.01784730702638626 
GRU-2_bias: 0.3017534017562866 
GRU-4_bias: 0.16120603680610657 
GRU-8_bias: 0.23091280460357666 
GRU-16_bias: 0.1150139719247818 
GRU-32_bias: 0.023166926577687263 
GRU-64_bias: 0.026264270767569542 
GRU-128_bias: 0.0134328193962574 
LSTM-2: 0.17826798558235168 
LSTM-4: 0.14843232929706573 
LSTM-8: 0.16674169898033142 
LSTM-16: 0.03153540566563606 
LSTM-32: 0.020010052248835564 
LSTM-64: 0.036169469356536865 
LSTM-128: 0.017346154898405075 
LSTM-2_bias: 0.2213471680879593 
LSTM-4_bias: 0.11207623034715652 
LSTM-8_bias: 0.7102780342102051 
LSTM-16_bias: 0.0284612737596035 
LSTM-32_bias: 0.012618297711014748 
LSTM-64_bias: 0.024148592725396156 
LSTM-128_bias: 0.021983275189995766 
